<?xml version="1.0" encoding="UTF-8"?>
<testng-results ignored="0" total="1" passed="1" failed="0" skipped="0">
  <reporter-output>
  </reporter-output>
  <suite started-at="2024-09-24T21:33:43 IST" name="Default suite" finished-at="2024-09-24T21:33:43 IST" duration-ms="257">
    <groups>
    </groups>
    <test started-at="2024-09-24T21:33:43 IST" name="Default test" finished-at="2024-09-24T21:33:43 IST" duration-ms="257">
      <class name="DataDrivenFramework.ChangeFileName">
        <test-method signature="modifyExixtingFileName()[pri:0, instance:DataDrivenFramework.ChangeFileName@3023df74]" started-at="2024-09-24T21:33:43 IST" name="modifyExixtingFileName" finished-at="2024-09-24T21:33:43 IST" duration-ms="128" status="PASS">
          <reporter-output>
          </reporter-output>
        </test-method> <!-- modifyExixtingFileName -->
      </class> <!-- DataDrivenFramework.ChangeFileName -->
    </test> <!-- Default test -->
  </suite> <!-- Default suite -->
</testng-results>
